<?xml version="1.0" encoding="UTF-8"?>
<!-- Generated by org.testng.reporters.JUnitXMLReporter -->
<testsuite hostname="LAPTOP-SBG8MLNP" ignored="0" name="Default test" tests="3" failures="0" timestamp="06 Jul 2019 06:19:15 GMT" time="31.014" errors="0">
  <testcase name="openamazon" time="22.275" classname="com.testng.examples.Extendreports"/>
  <testcase name="openfacebook" time="6.726" classname="com.testng.examples.Extendreports"/>
  <testcase name="opengoogle" time="1.931" classname="com.testng.examples.Extendreports"/>
</testsuite> <!-- Default test -->
