<?xml version="1.0" encoding="UTF-8"?>
<!-- Generated by org.testng.reporters.JUnitXMLReporter -->
<testsuite hostname="LAPTOP-SBG8MLNP" ignored="1" name="methode test case" tests="5" failures="0" timestamp="30 Jun 2019 16:54:28 GMT" time="0.091" errors="0">
  <testcase name="test1" time="0.013" classname="com.testng.examples.exclude"/>
  <testcase name="test3" time="0.009" classname="com.testng.examples.exclude"/>
  <testcase name="test4" time="0.005" classname="com.testng.examples.exclude"/>
  <testcase name="test5" time="0.003" classname="com.testng.examples.exclude"/>
  <testcase name="test6" time="0.003" classname="com.testng.examples.exclude"/>
  <testcase name="test2" time="0.0" classname="com.testng.examples.exclude">
    <ignored/>
  </testcase> <!-- test2 -->
</testsuite> <!-- methode test case -->
