<?xml version="1.0" encoding="UTF-8"?>
<!-- Generated by org.testng.reporters.JUnitXMLReporter -->
<testsuite hostname="LAPTOP-SBG8MLNP" ignored="0" name="Test" tests="3" failures="0" timestamp="06 Jul 2019 05:15:22 GMT" time="42.11" errors="0">
  <testcase name="openamazon" time="25.512" classname="com.testng.examples.parallelexecution"/>
  <testcase name="openfacebook" time="9.746" classname="com.testng.examples.parallelexecution"/>
  <testcase name="opengoogle" time="6.797" classname="com.testng.examples.parallelexecution"/>
</testsuite> <!-- Test -->
